info A dev server is already running for this project on port 8081.
info Found Xcode workspace "StickhandlingNative.xcworkspace"
info Building (using "xcodebuild -workspace StickhandlingNative.xcworkspace -configuration Debug -scheme StickhandlingNative -destination id=00008110-000471AE3483401E")
- Building the app......
- Building the app
- Building the app.
- Building the app........
- Building the app.........
- Building the app........
- Building the app..
- Building the app....
- Building the app.....
- Building the app....
- Building the app.......
- Building the app.......
- Building the app.
- Building the app...
- Building the app.....
- Building the app...
- Building the app.......
- Building the app...
- Building the app
- Building the app.
- Building the app......
- Building the app.......
- Building the app
- Building the app.....
- Building the app..
- Building the app
- Building the app.......
- Building the app........
- Building the app..
- Building the app..
- Building the app.....
- Building the app..
- Building the app...
- Building the app.....
- Building the app.
- Building the app
- Building the app.
- Building the app...
- Building the app.....
- Building the app.......
- Building the app.........
- Building the app.
- Building the app..
- Building the app...
- Building the app.....
- Building the app.......
- Building the app.........
- Building the app.
- Building the app.....
- Building the app
- Building the app......
- Building the app....
- Building the app......
- Building the app........
- Building the app
- Building the app..
- Building the app....
- Building the app.....
- Building the app..
- Building the app...
- Building the app..
- Building the app....
- Building the app......
- Building the app........
- Building the app
- Building the app..
- Building the app.........
- Building the app.....
- Building the app......
- Building the app....
- Building the app.....
- Building the app.......
- Building the app.......
- Building the app........
- Building the app.....
- Building the app......
- Building the app.......
- Building the app...
- Building the app.....
- Building the app......
- Building the app........
- Building the app
- Building the app...
- Building the app....
- Building the app......
- Building the app......
- Building the app.......
- Building the app.........
- Building the app
- Building the app.
- Building the app........
- Building the app.........
- Building the app........
- Building the app.........
- Building the app.........
- Building the app..
- Building the app...
- Building the app..
- Building the app...
- Building the app.
- Building the app..
- Building the app....
- Building the app.
- Building the app.......
- Building the app......
- Building the app.....
- Building the app........
- Building the app.........
- Building the app....
- Building the app......
- Building the app........
- Building the app.........
- Building the app.........
- Building the app........
- Building the app..
- Building the app.
- Building the app
- Building the app...
- Building the app....
- Building the app..
- Building the app........

info 💡 Tip: Make sure that you have set up your development environment correctly, by running npx react-native doctor. To read more about doctor command visit: https://github.com/react-native-community/cli/blob/main/packages/cli-doctor/README.md#doctor 

error export CLANG_WARN_DOCUMENTATION_COMMENTS\=YES
error export CLANG_WARN_QUOTED_INCLUDE_IN_FRAMEWORK_HEADER\=NO
error export GCC_WARN_INHIBIT_ALL_WARNINGS\=YES
error export VALIDATE_PRODUCT\=NO
error export GCC_WARN_UNDECLARED_SELECTOR\=YES
error \=return-type -Wdocumentation -Wunreachable-code -Werror\=deprecated-objc-isa-usage -Werror\=objc-root-class -Wno-non-virtual-dtor -Wno-overloaded-virtual -Wno-exit-time-destructors -Wno-missing-braces -Wparentheses -Wswitch -Wunused-function -Wno-unused-label -Wno-unused-parameter -Wunused-variable -Wunused-value -Wempty-body -Wuninitialized -Wconditional-uninitialized -Wno-unknown-pragmas -Wno-shadow -Wno-four-char-constants -Wno-conversion -Wconstant-conversion -Wint-conversion -Wbool-conversion -Wenum-conversion -Wno-float-conversion -Wnon-literal-null-conversion -Wobjc-literal-conversion -Wshorten-64-to-32 -Wno-newline-eof -Wno-c++11-extensions -Wno-implicit-fallthrough -fstrict-aliasing -Wdeprecated-declarations -Winvalid-offsetof -Wno-sign-conversion -Winfinite-recursion -Wmove -Wcomma -Wblock-capture-autoreleasing -Wstrict-prototypes -Wrange-loop-analysis -Wno-semicolon-before-method-body -Wunguarded-availability -index-store-path /Users/blueoxadvisors/Library/Developer/Xcode/DerivedData/StickhandlingNative-eztnoazbkrcbfdaqyavnfduhiqlg/Index.noindex/DataStore -Wno-comma -Wno-shorten-64-to-32 -Wno-documentation @/Users/blueoxadvisors/Library/Developer/Xcode/DerivedData/StickhandlingNative-eztnoazbkrcbfdaqyavnfduhiqlg/Build/Intermediates.noindex/Pods.build/Debug-iphoneos/ReactCodegen.build/Objects-normal/arm64/82b82416624d2658e5098eb0a28c15c5-common-args.resp -DFOLLY_MOBILE\=1 -DFOLLY_USE_LIBCPP\=1 -DFOLLY_CFG_NO_COROUTINES\=1 -DFOLLY_HAVE_CLOCK_GETTIME\=1 -Wno-comma -Wno-shorten-64-to-32 -Wno-documentation -Wno-nullability-completeness -std\=c++20 -include /Users/blueoxadvisors/StickhandlingNative/ios/Pods/Target\ Support\ Files/ReactCodegen/ReactCodegen-prefix.pch -MMD -MT dependencies -MF /Users/blueoxadvisors/Library/Developer/Xcode/DerivedData/StickhandlingNative-eztnoazbkrcbfdaqyavnfduhiqlg/Build/Intermediates.noindex/Pods.build/Debug-iphoneos/ReactCodegen.build/Objects-normal/arm64/ComponentDescriptors-e26a0deba9969e1a6222b11289e9d41a.d --serialize-diagnostics /Users/blueoxadvisors/Library/Developer/Xcode/DerivedData/StickhandlingNative-eztnoazbkrcbfdaqyavnfduhiqlg/Build/Intermediates.noindex/Pods.build/Debug-iphoneos/ReactCodegen.build/Objects-normal/arm64/ComponentDescriptors-e26a0deba9969e1a6222b11289e9d41a.dia -c /Users/blueoxadvisors/StickhandlingNative/ios/build/generated/ios/ReactCodegen/react/renderer/components/RNSoundSpec/ComponentDescriptors.cpp -o /Users/blueoxadvisors/Library/Developer/Xcode/DerivedData/StickhandlingNative-eztnoazbkrcbfdaqyavnfduhiqlg/Build/Intermediates.noindex/Pods.build/Debug-iphoneos/ReactCodegen.build/Objects-normal/arm64/ComponentDescriptors-e26a0deba9969e1a6222b11289e9d41a.o -index-unit-output-path /Pods.build/Debug-iphoneos/ReactCodegen.build/Objects-normal/arm64/ComponentDescriptors-e26a0deba9969e1a6222b11289e9d41a.o
error \=return-type -Wdocumentation -Wunreachable-code -Wno-implicit-atomic-properties -Werror\=deprecated-objc-isa-usage -Wno-objc-interface-ivars -Werror\=objc-root-class -Wno-arc-repeated-use-of-weak -Wimplicit-retain-self -Wno-non-virtual-dtor -Wno-overloaded-virtual -Wno-exit-time-destructors -Wduplicate-method-match -Wno-missing-braces -Wparentheses -Wswitch -Wunused-function -Wno-unused-label -Wno-unused-parameter -Wunused-variable -Wunused-value -Wempty-body -Wuninitialized -Wconditional-uninitialized -Wno-unknown-pragmas -Wno-shadow -Wno-four-char-constants -Wno-conversion -Wconstant-conversion -Wint-conversion -Wbool-conversion -Wenum-conversion -Wno-float-conversion -Wnon-literal-null-conversion -Wobjc-literal-conversion -Wshorten-64-to-32 -Wno-newline-eof -Wno-selector -Wno-strict-selector-match -Wundeclared-selector -Wdeprecated-implementations -Wno-c++11-extensions -Wno-implicit-fallthrough -fstrict-aliasing -Wprotocol -Wdeprecated-declarations -Winvalid-offsetof -Wno-sign-conversion -Winfinite-recursion -Wmove -Wcomma -Wblock-capture-autoreleasing -Wstrict-prototypes -Wrange-loop-analysis -Wno-semicolon-before-method-body -Wunguarded-availability -index-store-path /Users/blueoxadvisors/Library/Developer/Xcode/DerivedData/StickhandlingNative-eztnoazbkrcbfdaqyavnfduhiqlg/Index.noindex/DataStore @/Users/blueoxadvisors/Library/Developer/Xcode/DerivedData/StickhandlingNative-eztnoazbkrcbfdaqyavnfduhiqlg/Build/Intermediates.noindex/Pods.build/Debug-iphoneos/ReactAppDependencyProvider.build/Objects-normal/arm64/af3fcb34312c57c0f52879cdce924b91-common-args.resp -include /Users/blueoxadvisors/StickhandlingNative/ios/Pods/Target\ Support\ Files/ReactAppDependencyProvider/ReactAppDependencyProvider-prefix.pch -MMD -MT dependencies -MF /Users/blueoxadvisors/Library/Developer/Xcode/DerivedData/StickhandlingNative-eztnoazbkrcbfdaqyavnfduhiqlg/Build/Intermediates.noindex/Pods.build/Debug-iphoneos/ReactAppDependencyProvider.build/Objects-normal/arm64/RCTAppDependencyProvider.d --serialize-diagnostics /Users/blueoxadvisors/Library/Developer/Xcode/DerivedData/StickhandlingNative-eztnoazbkrcbfdaqyavnfduhiqlg/Build/Intermediates.noindex/Pods.build/Debug-iphoneos/ReactAppDependencyProvider.build/Objects-normal/arm64/RCTAppDependencyProvider.dia -c /Users/blueoxadvisors/StickhandlingNative/ios/build/generated/ios/ReactAppDependencyProvider/RCTAppDependencyProvider.mm -o /Users/blueoxadvisors/Library/Developer/Xcode/DerivedData/StickhandlingNative-eztnoazbkrcbfdaqyavnfduhiqlg/Build/Intermediates.noindex/Pods.build/Debug-iphoneos/ReactAppDependencyProvider.build/Objects-normal/arm64/RCTAppDependencyProvider.o -index-unit-output-path /Pods.build/Debug-iphoneos/ReactAppDependencyProvider.build/Objects-normal/arm64/RCTAppDependencyProvider.o
error \=return-type -Wdocumentation -Wunreachable-code -Werror\=deprecated-objc-isa-usage -Werror\=objc-root-class -Wno-non-virtual-dtor -Wno-overloaded-virtual -Wno-exit-time-destructors -Wno-missing-braces -Wparentheses -Wswitch -Wunused-function -Wno-unused-label -Wno-unused-parameter -Wunused-variable -Wunused-value -Wempty-body -Wuninitialized -Wconditional-uninitialized -Wno-unknown-pragmas -Wno-shadow -Wno-four-char-constants -Wno-conversion -Wconstant-conversion -Wint-conversion -Wbool-conversion -Wenum-conversion -Wno-float-conversion -Wnon-literal-null-conversion -Wobjc-literal-conversion -Wshorten-64-to-32 -Wno-newline-eof -Wno-c++11-extensions -Wno-implicit-fallthrough -fstrict-aliasing -Wdeprecated-declarations -Winvalid-offsetof -Wno-sign-conversion -Winfinite-recursion -Wmove -Wcomma -Wblock-capture-autoreleasing -Wstrict-prototypes -Wrange-loop-analysis -Wno-semicolon-before-method-body -Wunguarded-availability -index-store-path /Users/blueoxadvisors/Library/Developer/Xcode/DerivedData/StickhandlingNative-eztnoazbkrcbfdaqyavnfduhiqlg/Index.noindex/DataStore -Wno-comma -Wno-shorten-64-to-32 -Wno-documentation @/Users/blueoxadvisors/Library/Developer/Xcode/DerivedData/StickhandlingNative-eztnoazbkrcbfdaqyavnfduhiqlg/Build/Intermediates.noindex/Pods.build/Debug-iphoneos/ReactCodegen.build/Objects-normal/arm64/82b82416624d2658e5098eb0a28c15c5-common-args.resp -DFOLLY_MOBILE\=1 -DFOLLY_USE_LIBCPP\=1 -DFOLLY_CFG_NO_COROUTINES\=1 -DFOLLY_HAVE_CLOCK_GETTIME\=1 -Wno-comma -Wno-shorten-64-to-32 -Wno-documentation -Wno-nullability-completeness -std\=c++20 -include /Users/blueoxadvisors/StickhandlingNative/ios/Pods/Target\ Support\ Files/ReactCodegen/ReactCodegen-prefix.pch -MMD -MT dependencies -MF /Users/blueoxadvisors/Library/Developer/Xcode/DerivedData/StickhandlingNative-eztnoazbkrcbfdaqyavnfduhiqlg/Build/Intermediates.noindex/Pods.build/Debug-iphoneos/ReactCodegen.build/Objects-normal/arm64/ComponentDescriptors-d44cdb3bf2c2ab13c5b6160da8d46fb4.d --serialize-diagnostics /Users/blueoxadvisors/Library/Developer/Xcode/DerivedData/StickhandlingNative-eztnoazbkrcbfdaqyavnfduhiqlg/Build/Intermediates.noindex/Pods.build/Debug-iphoneos/ReactCodegen.build/Objects-normal/arm64/ComponentDescriptors-d44cdb3bf2c2ab13c5b6160da8d46fb4.dia -c /Users/blueoxadvisors/StickhandlingNative/ios/build/generated/ios/ReactCodegen/react/renderer/components/safeareacontext/ComponentDescriptors.cpp -o /Users/blueoxadvisors/Library/Developer/Xcode/DerivedData/StickhandlingNative-eztnoazbkrcbfdaqyavnfduhiqlg/Build/Intermediates.noindex/Pods.build/Debug-iphoneos/ReactCodegen.build/Objects-normal/arm64/ComponentDescriptors-d44cdb3bf2c2ab13c5b6160da8d46fb4.o -index-unit-output-path /Pods.build/Debug-iphoneos/ReactCodegen.build/Objects-normal/arm64/ComponentDescriptors-d44cdb3bf2c2ab13c5b6160da8d46fb4.o
error \=return-type -Wdocumentation -Wunreachable-code -Wno-implicit-atomic-properties -Werror\=deprecated-objc-isa-usage -Wno-objc-interface-ivars -Werror\=objc-root-class -Wno-arc-repeated-use-of-weak -Wimplicit-retain-self -Wno-non-virtual-dtor -Wno-overloaded-virtual -Wno-exit-time-destructors -Wduplicate-method-match -Wno-missing-braces -Wparentheses -Wswitch -Wunused-function -Wno-unused-label -Wno-unused-parameter -Wunused-variable -Wunused-value -Wempty-body -Wuninitialized -Wconditional-uninitialized -Wno-unknown-pragmas -Wno-shadow -Wno-four-char-constants -Wno-conversion -Wconstant-conversion -Wint-conversion -Wbool-conversion -Wenum-conversion -Wno-float-conversion -Wnon-literal-null-conversion -Wobjc-literal-conversion -Wshorten-64-to-32 -Wno-newline-eof -Wno-selector -Wno-strict-selector-match -Wundeclared-selector -Wdeprecated-implementations -Wno-c++11-extensions -Wno-implicit-fallthrough -fstrict-aliasing -Wprotocol -Wdeprecated-declarations -Winvalid-offsetof -Wno-sign-conversion -Winfinite-recursion -Wmove -Wcomma -Wblock-capture-autoreleasing -Wstrict-prototypes -Wrange-loop-analysis -Wno-semicolon-before-method-body -Wunguarded-availability -index-store-path /Users/blueoxadvisors/Library/Developer/Xcode/DerivedData/StickhandlingNative-eztnoazbkrcbfdaqyavnfduhiqlg/Index.noindex/DataStore -Wno-comma -Wno-shorten-64-to-32 -Wno-documentation @/Users/blueoxadvisors/Library/Developer/Xcode/DerivedData/StickhandlingNative-eztnoazbkrcbfdaqyavnfduhiqlg/Build/Intermediates.noindex/Pods.build/Debug-iphoneos/ReactCodegen.build/Objects-normal/arm64/af3fcb34312c57c0f52879cdce924b91-common-args.resp -DFOLLY_MOBILE\=1 -DFOLLY_USE_LIBCPP\=1 -DFOLLY_CFG_NO_COROUTINES\=1 -DFOLLY_HAVE_CLOCK_GETTIME\=1 -Wno-comma -Wno-shorten-64-to-32 -Wno-documentation -Wno-nullability-completeness -std\=c++20 -include /Users/blueoxadvisors/StickhandlingNative/ios/Pods/Target\ Support\ Files/ReactCodegen/ReactCodegen-prefix.pch -MMD -MT dependencies -MF /Users/blueoxadvisors/Library/Developer/Xcode/DerivedData/StickhandlingNative-eztnoazbkrcbfdaqyavnfduhiqlg/Build/Intermediates.noindex/Pods.build/Debug-iphoneos/ReactCodegen.build/Objects-normal/arm64/RCTModulesConformingToProtocolsProvider.d --serialize-diagnostics /Users/blueoxadvisors/Library/Developer/Xcode/DerivedData/StickhandlingNative-eztnoazbkrcbfdaqyavnfduhiqlg/Build/Intermediates.noindex/Pods.build/Debug-iphoneos/ReactCodegen.build/Objects-normal/arm64/RCTModulesConformingToProtocolsProvider.dia -c /Users/blueoxadvisors/StickhandlingNative/ios/build/generated/ios/ReactCodegen/RCTModulesConformingToProtocolsProvider.mm -o /Users/blueoxadvisors/Library/Developer/Xcode/DerivedData/StickhandlingNative-eztnoazbkrcbfdaqyavnfduhiqlg/Build/Intermediates.noindex/Pods.build/Debug-iphoneos/ReactCodegen.build/Objects-normal/arm64/RCTModulesConformingToProtocolsProvider.o -index-unit-output-path /Pods.build/Debug-iphoneos/ReactCodegen.build/Objects-normal/arm64/RCTModulesConformingToProtocolsProvider.o
error \=return-type -Wdocumentation -Wunreachable-code -Wno-implicit-atomic-properties -Werror\=deprecated-objc-isa-usage -Wno-objc-interface-ivars -Werror\=objc-root-class -Wno-arc-repeated-use-of-weak -Wimplicit-retain-self -Wno-non-virtual-dtor -Wno-overloaded-virtual -Wno-exit-time-destructors -Wduplicate-method-match -Wno-missing-braces -Wparentheses -Wswitch -Wunused-function -Wno-unused-label -Wno-unused-parameter -Wunused-variable -Wunused-value -Wempty-body -Wuninitialized -Wconditional-uninitialized -Wno-unknown-pragmas -Wno-shadow -Wno-four-char-constants -Wno-conversion -Wconstant-conversion -Wint-conversion -Wbool-conversion -Wenum-conversion -Wno-float-conversion -Wnon-literal-null-conversion -Wobjc-literal-conversion -Wshorten-64-to-32 -Wno-newline-eof -Wno-selector -Wno-strict-selector-match -Wundeclared-selector -Wdeprecated-implementations -Wno-c++11-extensions -Wno-implicit-fallthrough -fstrict-aliasing -Wprotocol -Wdeprecated-declarations -Winvalid-offsetof -Wno-sign-conversion -Winfinite-recursion -Wmove -Wcomma -Wblock-capture-autoreleasing -Wstrict-prototypes -Wrange-loop-analysis -Wno-semicolon-before-method-body -Wunguarded-availability -index-store-path /Users/blueoxadvisors/Library/Developer/Xcode/DerivedData/StickhandlingNative-eztnoazbkrcbfdaqyavnfduhiqlg/Index.noindex/DataStore -Wno-comma -Wno-shorten-64-to-32 -Wno-documentation @/Users/blueoxadvisors/Library/Developer/Xcode/DerivedData/StickhandlingNative-eztnoazbkrcbfdaqyavnfduhiqlg/Build/Intermediates.noindex/Pods.build/Debug-iphoneos/ReactCodegen.build/Objects-normal/arm64/af3fcb34312c57c0f52879cdce924b91-common-args.resp -DFOLLY_MOBILE\=1 -DFOLLY_USE_LIBCPP\=1 -DFOLLY_CFG_NO_COROUTINES\=1 -DFOLLY_HAVE_CLOCK_GETTIME\=1 -Wno-comma -Wno-shorten-64-to-32 -Wno-documentation -Wno-nullability-completeness -std\=c++20 -include /Users/blueoxadvisors/StickhandlingNative/ios/Pods/Target\ Support\ Files/ReactCodegen/ReactCodegen-prefix.pch -MMD -MT dependencies -MF /Users/blueoxadvisors/Library/Developer/Xcode/DerivedData/StickhandlingNative-eztnoazbkrcbfdaqyavnfduhiqlg/Build/Intermediates.noindex/Pods.build/Debug-iphoneos/ReactCodegen.build/Objects-normal/arm64/safeareacontext-generated.d --serialize-diagnostics /Users/blueoxadvisors/Library/Developer/Xcode/DerivedData/StickhandlingNative-eztnoazbkrcbfdaqyavnfduhiqlg/Build/Intermediates.noindex/Pods.build/Debug-iphoneos/ReactCodegen.build/Objects-normal/arm64/safeareacontext-generated.dia -c /Users/blueoxadvisors/StickhandlingNative/ios/build/generated/ios/ReactCodegen/safeareacontext/safeareacontext-generated.mm -o /Users/blueoxadvisors/Library/Developer/Xcode/DerivedData/StickhandlingNative-eztnoazbkrcbfdaqyavnfduhiqlg/Build/Intermediates.noindex/Pods.build/Debug-iphoneos/ReactCodegen.build/Objects-normal/arm64/safeareacontext-generated.o -index-unit-output-path /Pods.build/Debug-iphoneos/ReactCodegen.build/Objects-normal/arm64/safeareacontext-generated.o
error \=return-type -Wdocumentation -Wunreachable-code -Werror\=deprecated-objc-isa-usage -Werror\=objc-root-class -Wno-non-virtual-dtor -Wno-overloaded-virtual -Wno-exit-time-destructors -Wno-missing-braces -Wparentheses -Wswitch -Wunused-function -Wno-unused-label -Wno-unused-parameter -Wunused-variable -Wunused-value -Wempty-body -Wuninitialized -Wconditional-uninitialized -Wno-unknown-pragmas -Wno-shadow -Wno-four-char-constants -Wno-conversion -Wconstant-conversion -Wint-conversion -Wbool-conversion -Wenum-conversion -Wno-float-conversion -Wnon-literal-null-conversion -Wobjc-literal-conversion -Wshorten-64-to-32 -Wno-newline-eof -Wno-c++11-extensions -Wno-implicit-fallthrough -fstrict-aliasing -Wdeprecated-declarations -Winvalid-offsetof -Wno-sign-conversion -Winfinite-recursion -Wmove -Wcomma -Wblock-capture-autoreleasing -Wstrict-prototypes -Wrange-loop-analysis -Wno-semicolon-before-method-body -Wunguarded-availability -index-store-path /Users/blueoxadvisors/Library/Developer/Xcode/DerivedData/StickhandlingNative-eztnoazbkrcbfdaqyavnfduhiqlg/Index.noindex/DataStore -Wno-comma -Wno-shorten-64-to-32 -Wno-documentation @/Users/blueoxadvisors/Library/Developer/Xcode/DerivedData/StickhandlingNative-eztnoazbkrcbfdaqyavnfduhiqlg/Build/Intermediates.noindex/Pods.build/Debug-iphoneos/ReactCodegen.build/Objects-normal/arm64/82b82416624d2658e5098eb0a28c15c5-common-args.resp -DFOLLY_MOBILE\=1 -DFOLLY_USE_LIBCPP\=1 -DFOLLY_CFG_NO_COROUTINES\=1 -DFOLLY_HAVE_CLOCK_GETTIME\=1 -Wno-comma -Wno-shorten-64-to-32 -Wno-documentation -Wno-nullability-completeness -std\=c++20 -include /Users/blueoxadvisors/StickhandlingNative/ios/Pods/Target\ Support\ Files/ReactCodegen/ReactCodegen-prefix.pch -MMD -MT dependencies -MF /Users/blueoxadvisors/Library/Developer/Xcode/DerivedData/StickhandlingNative-eztnoazbkrcbfdaqyavnfduhiqlg/Build/Intermediates.noindex/Pods.build/Debug-iphoneos/ReactCodegen.build/Objects-normal/arm64/ShadowNodes-232ccab83a42afe982d010bfc3f881e4.d --serialize-diagnostics /Users/blueoxadvisors/Library/Developer/Xcode/DerivedData/StickhandlingNative-eztnoazbkrcbfdaqyavnfduhiqlg/Build/Intermediates.noindex/Pods.build/Debug-iphoneos/ReactCodegen.build/Objects-normal/arm64/ShadowNodes-232ccab83a42afe982d010bfc3f881e4.dia -c /Users/blueoxadvisors/StickhandlingNative/ios/build/generated/ios/ReactCodegen/react/renderer/components/RNSoundSpec/ShadowNodes.cpp -o /Users/blueoxadvisors/Library/Developer/Xcode/DerivedData/StickhandlingNative-eztnoazbkrcbfdaqyavnfduhiqlg/Build/Intermediates.noindex/Pods.build/Debug-iphoneos/ReactCodegen.build/Objects-normal/arm64/ShadowNodes-232ccab83a42afe982d010bfc3f881e4.o -index-unit-output-path /Pods.build/Debug-iphoneos/ReactCodegen.build/Objects-normal/arm64/ShadowNodes-232ccab83a42afe982d010bfc3f881e4.o
error \=return-type -Wdocumentation -Wunreachable-code -Werror\=deprecated-objc-isa-usage -Werror\=objc-root-class -Wno-non-virtual-dtor -Wno-overloaded-virtual -Wno-exit-time-destructors -Wno-missing-braces -Wparentheses -Wswitch -Wunused-function -Wno-unused-label -Wno-unused-parameter -Wunused-variable -Wunused-value -Wempty-body -Wuninitialized -Wconditional-uninitialized -Wno-unknown-pragmas -Wno-shadow -Wno-four-char-constants -Wno-conversion -Wconstant-conversion -Wint-conversion -Wbool-conversion -Wenum-conversion -Wno-float-conversion -Wnon-literal-null-conversion -Wobjc-literal-conversion -Wshorten-64-to-32 -Wno-newline-eof -Wno-c++11-extensions -Wno-implicit-fallthrough -fstrict-aliasing -Wdeprecated-declarations -Winvalid-offsetof -Wno-sign-conversion -Winfinite-recursion -Wmove -Wcomma -Wblock-capture-autoreleasing -Wstrict-prototypes -Wrange-loop-analysis -Wno-semicolon-before-method-body -Wunguarded-availability -index-store-path /Users/blueoxadvisors/Library/Developer/Xcode/DerivedData/StickhandlingNative-eztnoazbkrcbfdaqyavnfduhiqlg/Index.noindex/DataStore -Wno-comma -Wno-shorten-64-to-32 -Wno-documentation @/Users/blueoxadvisors/Library/Developer/Xcode/DerivedData/StickhandlingNative-eztnoazbkrcbfdaqyavnfduhiqlg/Build/Intermediates.noindex/Pods.build/Debug-iphoneos/ReactCodegen.build/Objects-normal/arm64/82b82416624d2658e5098eb0a28c15c5-common-args.resp -DFOLLY_MOBILE\=1 -DFOLLY_USE_LIBCPP\=1 -DFOLLY_CFG_NO_COROUTINES\=1 -DFOLLY_HAVE_CLOCK_GETTIME\=1 -Wno-comma -Wno-shorten-64-to-32 -Wno-documentation -Wno-nullability-completeness -std\=c++20 -include /Users/blueoxadvisors/StickhandlingNative/ios/Pods/Target\ Support\ Files/ReactCodegen/ReactCodegen-prefix.pch -MMD -MT dependencies -MF /Users/blueoxadvisors/Library/Developer/Xcode/DerivedData/StickhandlingNative-eztnoazbkrcbfdaqyavnfduhiqlg/Build/Intermediates.noindex/Pods.build/Debug-iphoneos/ReactCodegen.build/Objects-normal/arm64/States-d2b4fbe893fa90b47af13580d31d5300.d --serialize-diagnostics /Users/blueoxadvisors/Library/Developer/Xcode/DerivedData/StickhandlingNative-eztnoazbkrcbfdaqyavnfduhiqlg/Build/Intermediates.noindex/Pods.build/Debug-iphoneos/ReactCodegen.build/Objects-normal/arm64/States-d2b4fbe893fa90b47af13580d31d5300.dia -c /Users/blueoxadvisors/StickhandlingNative/ios/build/generated/ios/ReactCodegen/react/renderer/components/safeareacontext/States.cpp -o /Users/blueoxadvisors/Library/Developer/Xcode/DerivedData/StickhandlingNative-eztnoazbkrcbfdaqyavnfduhiqlg/Build/Intermediates.noindex/Pods.build/Debug-iphoneos/ReactCodegen.build/Objects-normal/arm64/States-d2b4fbe893fa90b47af13580d31d5300.o -index-unit-output-path /Pods.build/Debug-iphoneos/ReactCodegen.build/Objects-normal/arm64/States-d2b4fbe893fa90b47af13580d31d5300.o
error \=return-type -Wdocumentation -Wunreachable-code -Werror\=deprecated-objc-isa-usage -Werror\=objc-root-class -Wno-non-virtual-dtor -Wno-overloaded-virtual -Wno-exit-time-destructors -Wno-missing-braces -Wparentheses -Wswitch -Wunused-function -Wno-unused-label -Wno-unused-parameter -Wunused-variable -Wunused-value -Wempty-body -Wuninitialized -Wconditional-uninitialized -Wno-unknown-pragmas -Wno-shadow -Wno-four-char-constants -Wno-conversion -Wconstant-conversion -Wint-conversion -Wbool-conversion -Wenum-conversion -Wno-float-conversion -Wnon-literal-null-conversion -Wobjc-literal-conversion -Wshorten-64-to-32 -Wno-newline-eof -Wno-c++11-extensions -Wno-implicit-fallthrough -fstrict-aliasing -Wdeprecated-declarations -Winvalid-offsetof -Wno-sign-conversion -Winfinite-recursion -Wmove -Wcomma -Wblock-capture-autoreleasing -Wstrict-prototypes -Wrange-loop-analysis -Wno-semicolon-before-method-body -Wunguarded-availability -index-store-path /Users/blueoxadvisors/Library/Developer/Xcode/DerivedData/StickhandlingNative-eztnoazbkrcbfdaqyavnfduhiqlg/Index.noindex/DataStore -Wno-comma -Wno-shorten-64-to-32 -Wno-documentation @/Users/blueoxadvisors/Library/Developer/Xcode/DerivedData/StickhandlingNative-eztnoazbkrcbfdaqyavnfduhiqlg/Build/Intermediates.noindex/Pods.build/Debug-iphoneos/ReactCodegen.build/Objects-normal/arm64/82b82416624d2658e5098eb0a28c15c5-common-args.resp -DFOLLY_MOBILE\=1 -DFOLLY_USE_LIBCPP\=1 -DFOLLY_CFG_NO_COROUTINES\=1 -DFOLLY_HAVE_CLOCK_GETTIME\=1 -Wno-comma -Wno-shorten-64-to-32 -Wno-documentation -Wno-nullability-completeness -std\=c++20 -include /Users/blueoxadvisors/StickhandlingNative/ios/Pods/Target\ Support\ Files/ReactCodegen/ReactCodegen-prefix.pch -MMD -MT dependencies -MF /Users/blueoxadvisors/Library/Developer/Xcode/DerivedData/StickhandlingNative-eztnoazbkrcbfdaqyavnfduhiqlg/Build/Intermediates.noindex/Pods.build/Debug-iphoneos/ReactCodegen.build/Objects-normal/arm64/ShadowNodes-6401938fe569e0b14340639aafa7b627.d --serialize-diagnostics /Users/blueoxadvisors/Library/Developer/Xcode/DerivedData/StickhandlingNative-eztnoazbkrcbfdaqyavnfduhiqlg/Build/Intermediates.noindex/Pods.build/Debug-iphoneos/ReactCodegen.build/Objects-normal/arm64/ShadowNodes-6401938fe569e0b14340639aafa7b627.dia -c /Users/blueoxadvisors/StickhandlingNative/ios/build/generated/ios/ReactCodegen/react/renderer/components/safeareacontext/ShadowNodes.cpp -o /Users/blueoxadvisors/Library/Developer/Xcode/DerivedData/StickhandlingNative-eztnoazbkrcbfdaqyavnfduhiqlg/Build/Intermediates.noindex/Pods.build/Debug-iphoneos/ReactCodegen.build/Objects-normal/arm64/ShadowNodes-6401938fe569e0b14340639aafa7b627.o -index-unit-output-path /Pods.build/Debug-iphoneos/ReactCodegen.build/Objects-normal/arm64/ShadowNodes-6401938fe569e0b14340639aafa7b627.o
error \=return-type -Wdocumentation -Wunreachable-code -Werror\=deprecated-objc-isa-usage -Werror\=objc-root-class -Wno-non-virtual-dtor -Wno-overloaded-virtual -Wno-exit-time-destructors -Wno-missing-braces -Wparentheses -Wswitch -Wunused-function -Wno-unused-label -Wno-unused-parameter -Wunused-variable -Wunused-value -Wempty-body -Wuninitialized -Wconditional-uninitialized -Wno-unknown-pragmas -Wno-shadow -Wno-four-char-constants -Wno-conversion -Wconstant-conversion -Wint-conversion -Wbool-conversion -Wenum-conversion -Wno-float-conversion -Wnon-literal-null-conversion -Wobjc-literal-conversion -Wshorten-64-to-32 -Wno-newline-eof -Wno-c++11-extensions -Wno-implicit-fallthrough -fstrict-aliasing -Wdeprecated-declarations -Winvalid-offsetof -Wno-sign-conversion -Winfinite-recursion -Wmove -Wcomma -Wblock-capture-autoreleasing -Wstrict-prototypes -Wrange-loop-analysis -Wno-semicolon-before-method-body -Wunguarded-availability -index-store-path /Users/blueoxadvisors/Library/Developer/Xcode/DerivedData/StickhandlingNative-eztnoazbkrcbfdaqyavnfduhiqlg/Index.noindex/DataStore -Wno-comma -Wno-shorten-64-to-32 -Wno-documentation @/Users/blueoxadvisors/Library/Developer/Xcode/DerivedData/StickhandlingNative-eztnoazbkrcbfdaqyavnfduhiqlg/Build/Intermediates.noindex/Pods.build/Debug-iphoneos/ReactCodegen.build/Objects-normal/arm64/82b82416624d2658e5098eb0a28c15c5-common-args.resp -DFOLLY_MOBILE\=1 -DFOLLY_USE_LIBCPP\=1 -DFOLLY_CFG_NO_COROUTINES\=1 -DFOLLY_HAVE_CLOCK_GETTIME\=1 -Wno-comma -Wno-shorten-64-to-32 -Wno-documentation -Wno-nullability-completeness -std\=c++20 -include /Users/blueoxadvisors/StickhandlingNative/ios/Pods/Target\ Support\ Files/ReactCodegen/ReactCodegen-prefix.pch -MMD -MT dependencies -MF /Users/blueoxadvisors/Library/Developer/Xcode/DerivedData/StickhandlingNative-eztnoazbkrcbfdaqyavnfduhiqlg/Build/Intermediates.noindex/Pods.build/Debug-iphoneos/ReactCodegen.build/Objects-normal/arm64/States-79d8f6a1a69e9982736241a09ea94cfe.d --serialize-diagnostics /Users/blueoxadvisors/Library/Developer/Xcode/DerivedData/StickhandlingNative-eztnoazbkrcbfdaqyavnfduhiqlg/Build/Intermediates.noindex/Pods.build/Debug-iphoneos/ReactCodegen.build/Objects-normal/arm64/States-79d8f6a1a69e9982736241a09ea94cfe.dia -c /Users/blueoxadvisors/StickhandlingNative/ios/build/generated/ios/ReactCodegen/react/renderer/components/RNSoundSpec/States.cpp -o /Users/blueoxadvisors/Library/Developer/Xcode/DerivedData/StickhandlingNative-eztnoazbkrcbfdaqyavnfduhiqlg/Build/Intermediates.noindex/Pods.build/Debug-iphoneos/ReactCodegen.build/Objects-normal/arm64/States-79d8f6a1a69e9982736241a09ea94cfe.o -index-unit-output-path /Pods.build/Debug-iphoneos/ReactCodegen.build/Objects-normal/arm64/States-79d8f6a1a69e9982736241a09ea94cfe.o
error \=return-type -Wdocumentation -Wunreachable-code -Wno-implicit-atomic-properties -Werror\=deprecated-objc-isa-usage -Wno-objc-interface-ivars -Werror\=objc-root-class -Wno-arc-repeated-use-of-weak -Wimplicit-retain-self -Wno-non-virtual-dtor -Wno-overloaded-virtual -Wno-exit-time-destructors -Wduplicate-method-match -Wno-missing-braces -Wparentheses -Wswitch -Wunused-function -Wno-unused-label -Wno-unused-parameter -Wunused-variable -Wunused-value -Wempty-body -Wuninitialized -Wconditional-uninitialized -Wno-unknown-pragmas -Wno-shadow -Wno-four-char-constants -Wno-conversion -Wconstant-conversion -Wint-conversion -Wbool-conversion -Wenum-conversion -Wno-float-conversion -Wnon-literal-null-conversion -Wobjc-literal-conversion -Wshorten-64-to-32 -Wno-newline-eof -Wno-selector -Wno-strict-selector-match -Wundeclared-selector -Wdeprecated-implementations -Wno-c++11-extensions -Wno-implicit-fallthrough -fstrict-aliasing -Wprotocol -Wdeprecated-declarations -Winvalid-offsetof -Wno-sign-conversion -Winfinite-recursion -Wmove -Wcomma -Wblock-capture-autoreleasing -Wstrict-prototypes -Wrange-loop-analysis -Wno-semicolon-before-method-body -Wunguarded-availability -index-store-path /Users/blueoxadvisors/Library/Developer/Xcode/DerivedData/StickhandlingNative-eztnoazbkrcbfdaqyavnfduhiqlg/Index.noindex/DataStore -Wno-comma -Wno-shorten-64-to-32 -Wno-documentation @/Users/blueoxadvisors/Library/Developer/Xcode/DerivedData/StickhandlingNative-eztnoazbkrcbfdaqyavnfduhiqlg/Build/Intermediates.noindex/Pods.build/Debug-iphoneos/ReactCodegen.build/Objects-normal/arm64/af3fcb34312c57c0f52879cdce924b91-common-args.resp -DFOLLY_MOBILE\=1 -DFOLLY_USE_LIBCPP\=1 -DFOLLY_CFG_NO_COROUTINES\=1 -DFOLLY_HAVE_CLOCK_GETTIME\=1 -Wno-comma -Wno-shorten-64-to-32 -Wno-documentation -Wno-nullability-completeness -std\=c++20 -include /Users/blueoxadvisors/StickhandlingNative/ios/Pods/Target\ Support\ Files/ReactCodegen/ReactCodegen-prefix.pch -MMD -MT dependencies -MF /Users/blueoxadvisors/Library/Developer/Xcode/DerivedData/StickhandlingNative-eztnoazbkrcbfdaqyavnfduhiqlg/Build/Intermediates.noindex/Pods.build/Debug-iphoneos/ReactCodegen.build/Objects-normal/arm64/RNSoundSpec-generated.d --serialize-diagnostics /Users/blueoxadvisors/Library/Developer/Xcode/DerivedData/StickhandlingNative-eztnoazbkrcbfdaqyavnfduhiqlg/Build/Intermediates.noindex/Pods.build/Debug-iphoneos/ReactCodegen.build/Objects-normal/arm64/RNSoundSpec-generated.dia -c /Users/blueoxadvisors/StickhandlingNative/ios/build/generated/ios/ReactCodegen/RNSoundSpec/RNSoundSpec-generated.mm -o /Users/blueoxadvisors/Library/Developer/Xcode/DerivedData/StickhandlingNative-eztnoazbkrcbfdaqyavnfduhiqlg/Build/Intermediates.noindex/Pods.build/Debug-iphoneos/ReactCodegen.build/Objects-normal/arm64/RNSoundSpec-generated.o -index-unit-output-path /Pods.build/Debug-iphoneos/ReactCodegen.build/Objects-normal/arm64/RNSoundSpec-generated.o
error \=return-type -Wdocumentation -Wunreachable-code -Wno-implicit-atomic-properties -Werror\=deprecated-objc-isa-usage -Wno-objc-interface-ivars -Werror\=objc-root-class -Wno-arc-repeated-use-of-weak -Wimplicit-retain-self -Wno-non-virtual-dtor -Wno-overloaded-virtual -Wno-exit-time-destructors -Wduplicate-method-match -Wno-missing-braces -Wparentheses -Wswitch -Wunused-function -Wno-unused-label -Wno-unused-parameter -Wunused-variable -Wunused-value -Wempty-body -Wuninitialized -Wconditional-uninitialized -Wno-unknown-pragmas -Wno-shadow -Wno-four-char-constants -Wno-conversion -Wconstant-conversion -Wint-conversion -Wbool-conversion -Wenum-conversion -Wno-float-conversion -Wnon-literal-null-conversion -Wobjc-literal-conversion -Wshorten-64-to-32 -Wno-newline-eof -Wno-selector -Wno-strict-selector-match -Wundeclared-selector -Wdeprecated-implementations -Wno-c++11-extensions -Wno-implicit-fallthrough -fstrict-aliasing -Wprotocol -Wdeprecated-declarations -Winvalid-offsetof -Wno-sign-conversion -Winfinite-recursion -Wmove -Wcomma -Wblock-capture-autoreleasing -Wstrict-prototypes -Wrange-loop-analysis -Wno-semicolon-before-method-body -Wunguarded-availability -index-store-path /Users/blueoxadvisors/Library/Developer/Xcode/DerivedData/StickhandlingNative-eztnoazbkrcbfdaqyavnfduhiqlg/Index.noindex/DataStore -Wno-comma -Wno-shorten-64-to-32 -Wno-documentation @/Users/blueoxadvisors/Library/Developer/Xcode/DerivedData/StickhandlingNative-eztnoazbkrcbfdaqyavnfduhiqlg/Build/Intermediates.noindex/Pods.build/Debug-iphoneos/ReactCodegen.build/Objects-normal/arm64/af3fcb34312c57c0f52879cdce924b91-common-args.resp -DFOLLY_MOBILE\=1 -DFOLLY_USE_LIBCPP\=1 -DFOLLY_CFG_NO_COROUTINES\=1 -DFOLLY_HAVE_CLOCK_GETTIME\=1 -Wno-comma -Wno-shorten-64-to-32 -Wno-documentation -Wno-nullability-completeness -std\=c++20 -include /Users/blueoxadvisors/StickhandlingNative/ios/Pods/Target\ Support\ Files/ReactCodegen/ReactCodegen-prefix.pch -MMD -MT dependencies -MF /Users/blueoxadvisors/Library/Developer/Xcode/DerivedData/StickhandlingNative-eztnoazbkrcbfdaqyavnfduhiqlg/Build/Intermediates.noindex/Pods.build/Debug-iphoneos/ReactCodegen.build/Objects-normal/arm64/RCTUnstableModulesRequiringMainQueueSetupProvider.d --serialize-diagnostics /Users/blueoxadvisors/Library/Developer/Xcode/DerivedData/StickhandlingNative-eztnoazbkrcbfdaqyavnfduhiqlg/Build/Intermediates.noindex/Pods.build/Debug-iphoneos/ReactCodegen.build/Objects-normal/arm64/RCTUnstableModulesRequiringMainQueueSetupProvider.dia -c /Users/blueoxadvisors/StickhandlingNative/ios/build/generated/ios/ReactCodegen/RCTUnstableModulesRequiringMainQueueSetupProvider.mm -o /Users/blueoxadvisors/Library/Developer/Xcode/DerivedData/StickhandlingNative-eztnoazbkrcbfdaqyavnfduhiqlg/Build/Intermediates.noindex/Pods.build/Debug-iphoneos/ReactCodegen.build/Objects-normal/arm64/RCTUnstableModulesRequiringMainQueueSetupProvider.o -index-unit-output-path /Pods.build/Debug-iphoneos/ReactCodegen.build/Objects-normal/arm64/RCTUnstableModulesRequiringMainQueueSetupProvider.o
error \=return-type -Wdocumentation -Wunreachable-code -Wno-implicit-atomic-properties -Werror\=deprecated-objc-isa-usage -Wno-objc-interface-ivars -Werror\=objc-root-class -Wno-arc-repeated-use-of-weak -Wimplicit-retain-self -Wno-non-virtual-dtor -Wno-overloaded-virtual -Wno-exit-time-destructors -Wduplicate-method-match -Wno-missing-braces -Wparentheses -Wswitch -Wunused-function -Wno-unused-label -Wno-unused-parameter -Wunused-variable -Wunused-value -Wempty-body -Wuninitialized -Wconditional-uninitialized -Wno-unknown-pragmas -Wno-shadow -Wno-four-char-constants -Wno-conversion -Wconstant-conversion -Wint-conversion -Wbool-conversion -Wenum-conversion -Wno-float-conversion -Wnon-literal-null-conversion -Wobjc-literal-conversion -Wshorten-64-to-32 -Wno-newline-eof -Wno-selector -Wno-strict-selector-match -Wundeclared-selector -Wdeprecated-implementations -Wno-c++11-extensions -Wno-implicit-fallthrough -fstrict-aliasing -Wprotocol -Wdeprecated-declarations -Winvalid-offsetof -Wno-sign-conversion -Winfinite-recursion -Wmove -Wcomma -Wblock-capture-autoreleasing -Wstrict-prototypes -Wrange-loop-analysis -Wno-semicolon-before-method-body -Wunguarded-availability -index-store-path /Users/blueoxadvisors/Library/Developer/Xcode/DerivedData/StickhandlingNative-eztnoazbkrcbfdaqyavnfduhiqlg/Index.noindex/DataStore -Wno-comma -Wno-shorten-64-to-32 -Wno-documentation @/Users/blueoxadvisors/Library/Developer/Xcode/DerivedData/StickhandlingNative-eztnoazbkrcbfdaqyavnfduhiqlg/Build/Intermediates.noindex/Pods.build/Debug-iphoneos/ReactCodegen.build/Objects-normal/arm64/af3fcb34312c57c0f52879cdce924b91-common-args.resp -DFOLLY_MOBILE\=1 -DFOLLY_USE_LIBCPP\=1 -DFOLLY_CFG_NO_COROUTINES\=1 -DFOLLY_HAVE_CLOCK_GETTIME\=1 -Wno-comma -Wno-shorten-64-to-32 -Wno-documentation -Wno-nullability-completeness -std\=c++20 -include /Users/blueoxadvisors/StickhandlingNative/ios/Pods/Target\ Support\ Files/ReactCodegen/ReactCodegen-prefix.pch -MMD -MT dependencies -MF /Users/blueoxadvisors/Library/Developer/Xcode/DerivedData/StickhandlingNative-eztnoazbkrcbfdaqyavnfduhiqlg/Build/Intermediates.noindex/Pods.build/Debug-iphoneos/ReactCodegen.build/Objects-normal/arm64/RCTThirdPartyComponentsProvider.d --serialize-diagnostics /Users/blueoxadvisors/Library/Developer/Xcode/DerivedData/StickhandlingNative-eztnoazbkrcbfdaqyavnfduhiqlg/Build/Intermediates.noindex/Pods.build/Debug-iphoneos/ReactCodegen.build/Objects-normal/arm64/RCTThirdPartyComponentsProvider.dia -c /Users/blueoxadvisors/StickhandlingNative/ios/build/generated/ios/ReactCodegen/RCTThirdPartyComponentsProvider.mm -o /Users/blueoxadvisors/Library/Developer/Xcode/DerivedData/StickhandlingNative-eztnoazbkrcbfdaqyavnfduhiqlg/Build/Intermediates.noindex/Pods.build/Debug-iphoneos/ReactCodegen.build/Objects-normal/arm64/RCTThirdPartyComponentsProvider.o -index-unit-output-path /Pods.build/Debug-iphoneos/ReactCodegen.build/Objects-normal/arm64/RCTThirdPartyComponentsProvider.o
error \=return-type -Wdocumentation -Wunreachable-code -Wno-implicit-atomic-properties -Werror\=deprecated-objc-isa-usage -Wno-objc-interface-ivars -Werror\=objc-root-class -Wno-arc-repeated-use-of-weak -Wimplicit-retain-self -Wno-non-virtual-dtor -Wno-overloaded-virtual -Wno-exit-time-destructors -Wduplicate-method-match -Wno-missing-braces -Wparentheses -Wswitch -Wunused-function -Wno-unused-label -Wno-unused-parameter -Wunused-variable -Wunused-value -Wempty-body -Wuninitialized -Wconditional-uninitialized -Wno-unknown-pragmas -Wno-shadow -Wno-four-char-constants -Wno-conversion -Wconstant-conversion -Wint-conversion -Wbool-conversion -Wenum-conversion -Wno-float-conversion -Wnon-literal-null-conversion -Wobjc-literal-conversion -Wshorten-64-to-32 -Wno-newline-eof -Wno-selector -Wno-strict-selector-match -Wundeclared-selector -Wdeprecated-implementations -Wno-c++11-extensions -Wno-implicit-fallthrough -fstrict-aliasing -Wprotocol -Wdeprecated-declarations -Winvalid-offsetof -Wno-sign-conversion -Winfinite-recursion -Wmove -Wcomma -Wblock-capture-autoreleasing -Wstrict-prototypes -Wrange-loop-analysis -Wno-semicolon-before-method-body -Wunguarded-availability -index-store-path /Users/blueoxadvisors/Library/Developer/Xcode/DerivedData/StickhandlingNative-eztnoazbkrcbfdaqyavnfduhiqlg/Index.noindex/DataStore -Wno-comma -Wno-shorten-64-to-32 -Wno-documentation @/Users/blueoxadvisors/Library/Developer/Xcode/DerivedData/StickhandlingNative-eztnoazbkrcbfdaqyavnfduhiqlg/Build/Intermediates.noindex/Pods.build/Debug-iphoneos/ReactCodegen.build/Objects-normal/arm64/af3fcb34312c57c0f52879cdce924b91-common-args.resp -DFOLLY_MOBILE\=1 -DFOLLY_USE_LIBCPP\=1 -DFOLLY_CFG_NO_COROUTINES\=1 -DFOLLY_HAVE_CLOCK_GETTIME\=1 -Wno-comma -Wno-shorten-64-to-32 -Wno-documentation -Wno-nullability-completeness -std\=c++20 -include /Users/blueoxadvisors/StickhandlingNative/ios/Pods/Target\ Support\ Files/ReactCodegen/ReactCodegen-prefix.pch -MMD -MT dependencies -MF /Users/blueoxadvisors/Library/Developer/Xcode/DerivedData/StickhandlingNative-eztnoazbkrcbfdaqyavnfduhiqlg/Build/Intermediates.noindex/Pods.build/Debug-iphoneos/ReactCodegen.build/Objects-normal/arm64/RCTModuleProviders.d --serialize-diagnostics /Users/blueoxadvisors/Library/Developer/Xcode/DerivedData/StickhandlingNative-eztnoazbkrcbfdaqyavnfduhiqlg/Build/Intermediates.noindex/Pods.build/Debug-iphoneos/ReactCodegen.build/Objects-normal/arm64/RCTModuleProviders.dia -c /Users/blueoxadvisors/StickhandlingNative/ios/build/generated/ios/ReactCodegen/RCTModuleProviders.mm -o /Users/blueoxadvisors/Library/Developer/Xcode/DerivedData/StickhandlingNative-eztnoazbkrcbfdaqyavnfduhiqlg/Build/Intermediates.noindex/Pods.build/Debug-iphoneos/ReactCodegen.build/Objects-normal/arm64/RCTModuleProviders.o -index-unit-output-path /Pods.build/Debug-iphoneos/ReactCodegen.build/Objects-normal/arm64/RCTModuleProviders.o
error \=return-type -Wdocumentation -Wunreachable-code -Werror\=deprecated-objc-isa-usage -Werror\=objc-root-class -Wno-non-virtual-dtor -Wno-overloaded-virtual -Wno-exit-time-destructors -Wno-missing-braces -Wparentheses -Wswitch -Wunused-function -Wno-unused-label -Wno-unused-parameter -Wunused-variable -Wunused-value -Wempty-body -Wuninitialized -Wconditional-uninitialized -Wno-unknown-pragmas -Wno-shadow -Wno-four-char-constants -Wno-conversion -Wconstant-conversion -Wint-conversion -Wbool-conversion -Wenum-conversion -Wno-float-conversion -Wnon-literal-null-conversion -Wobjc-literal-conversion -Wshorten-64-to-32 -Wno-newline-eof -Wno-c++11-extensions -Wno-implicit-fallthrough -fstrict-aliasing -Wdeprecated-declarations -Winvalid-offsetof -Wno-sign-conversion -Winfinite-recursion -Wmove -Wcomma -Wblock-capture-autoreleasing -Wstrict-prototypes -Wrange-loop-analysis -Wno-semicolon-before-method-body -Wunguarded-availability -index-store-path /Users/blueoxadvisors/Library/Developer/Xcode/DerivedData/StickhandlingNative-eztnoazbkrcbfdaqyavnfduhiqlg/Index.noindex/DataStore -Wno-comma -Wno-shorten-64-to-32 -Wno-documentation @/Users/blueoxadvisors/Library/Developer/Xcode/DerivedData/StickhandlingNative-eztnoazbkrcbfdaqyavnfduhiqlg/Build/Intermediates.noindex/Pods.build/Debug-iphoneos/ReactCodegen.build/Objects-normal/arm64/82b82416624d2658e5098eb0a28c15c5-common-args.resp -DFOLLY_MOBILE\=1 -DFOLLY_USE_LIBCPP\=1 -DFOLLY_CFG_NO_COROUTINES\=1 -DFOLLY_HAVE_CLOCK_GETTIME\=1 -Wno-comma -Wno-shorten-64-to-32 -Wno-documentation -Wno-nullability-completeness -std\=c++20 -include /Users/blueoxadvisors/StickhandlingNative/ios/Pods/Target\ Support\ Files/ReactCodegen/ReactCodegen-prefix.pch -MMD -MT dependencies -MF /Users/blueoxadvisors/Library/Developer/Xcode/DerivedData/StickhandlingNative-eztnoazbkrcbfdaqyavnfduhiqlg/Build/Intermediates.noindex/Pods.build/Debug-iphoneos/ReactCodegen.build/Objects-normal/arm64/Props-a0949c4ede1c0e388da4160efbd389ed.d --serialize-diagnostics /Users/blueoxadvisors/Library/Developer/Xcode/DerivedData/StickhandlingNative-eztnoazbkrcbfdaqyavnfduhiqlg/Build/Intermediates.noindex/Pods.build/Debug-iphoneos/ReactCodegen.build/Objects-normal/arm64/Props-a0949c4ede1c0e388da4160efbd389ed.dia -c /Users/blueoxadvisors/StickhandlingNative/ios/build/generated/ios/ReactCodegen/react/renderer/components/safeareacontext/Props.cpp -o /Users/blueoxadvisors/Library/Developer/Xcode/DerivedData/StickhandlingNative-eztnoazbkrcbfdaqyavnfduhiqlg/Build/Intermediates.noindex/Pods.build/Debug-iphoneos/ReactCodegen.build/Objects-normal/arm64/Props-a0949c4ede1c0e388da4160efbd389ed.o -index-unit-output-path /Pods.build/Debug-iphoneos/ReactCodegen.build/Objects-normal/arm64/Props-a0949c4ede1c0e388da4160efbd389ed.o
error \=return-type -Wdocumentation -Wunreachable-code -Werror\=deprecated-objc-isa-usage -Werror\=objc-root-class -Wno-non-virtual-dtor -Wno-overloaded-virtual -Wno-exit-time-destructors -Wno-missing-braces -Wparentheses -Wswitch -Wunused-function -Wno-unused-label -Wno-unused-parameter -Wunused-variable -Wunused-value -Wempty-body -Wuninitialized -Wconditional-uninitialized -Wno-unknown-pragmas -Wno-shadow -Wno-four-char-constants -Wno-conversion -Wconstant-conversion -Wint-conversion -Wbool-conversion -Wenum-conversion -Wno-float-conversion -Wnon-literal-null-conversion -Wobjc-literal-conversion -Wshorten-64-to-32 -Wno-newline-eof -Wno-c++11-extensions -Wno-implicit-fallthrough -fstrict-aliasing -Wdeprecated-declarations -Winvalid-offsetof -Wno-sign-conversion -Winfinite-recursion -Wmove -Wcomma -Wblock-capture-autoreleasing -Wstrict-prototypes -Wrange-loop-analysis -Wno-semicolon-before-method-body -Wunguarded-availability -index-store-path /Users/blueoxadvisors/Library/Developer/Xcode/DerivedData/StickhandlingNative-eztnoazbkrcbfdaqyavnfduhiqlg/Index.noindex/DataStore -Wno-comma -Wno-shorten-64-to-32 -Wno-documentation @/Users/blueoxadvisors/Library/Developer/Xcode/DerivedData/StickhandlingNative-eztnoazbkrcbfdaqyavnfduhiqlg/Build/Intermediates.noindex/Pods.build/Debug-iphoneos/ReactCodegen.build/Objects-normal/arm64/82b82416624d2658e5098eb0a28c15c5-common-args.resp -DFOLLY_MOBILE\=1 -DFOLLY_USE_LIBCPP\=1 -DFOLLY_CFG_NO_COROUTINES\=1 -DFOLLY_HAVE_CLOCK_GETTIME\=1 -Wno-comma -Wno-shorten-64-to-32 -Wno-documentation -Wno-nullability-completeness -std\=c++20 -include /Users/blueoxadvisors/StickhandlingNative/ios/Pods/Target\ Support\ Files/ReactCodegen/ReactCodegen-prefix.pch -MMD -MT dependencies -MF /Users/blueoxadvisors/Library/Developer/Xcode/DerivedData/StickhandlingNative-eztnoazbkrcbfdaqyavnfduhiqlg/Build/Intermediates.noindex/Pods.build/Debug-iphoneos/ReactCodegen.build/Objects-normal/arm64/Props-63f1dbbb60922fd653300c012937f2ca.d --serialize-diagnostics /Users/blueoxadvisors/Library/Developer/Xcode/DerivedData/StickhandlingNative-eztnoazbkrcbfdaqyavnfduhiqlg/Build/Intermediates.noindex/Pods.build/Debug-iphoneos/ReactCodegen.build/Objects-normal/arm64/Props-63f1dbbb60922fd653300c012937f2ca.dia -c /Users/blueoxadvisors/StickhandlingNative/ios/build/generated/ios/ReactCodegen/react/renderer/components/RNSoundSpec/Props.cpp -o /Users/blueoxadvisors/Library/Developer/Xcode/DerivedData/StickhandlingNative-eztnoazbkrcbfdaqyavnfduhiqlg/Build/Intermediates.noindex/Pods.build/Debug-iphoneos/ReactCodegen.build/Objects-normal/arm64/Props-63f1dbbb60922fd653300c012937f2ca.o -index-unit-output-path /Pods.build/Debug-iphoneos/ReactCodegen.build/Objects-normal/arm64/Props-63f1dbbb60922fd653300c012937f2ca.o
error \=return-type -Wdocumentation -Wunreachable-code -Werror\=deprecated-objc-isa-usage -Werror\=objc-root-class -Wno-non-virtual-dtor -Wno-overloaded-virtual -Wno-exit-time-destructors -Wno-missing-braces -Wparentheses -Wswitch -Wunused-function -Wno-unused-label -Wno-unused-parameter -Wunused-variable -Wunused-value -Wempty-body -Wuninitialized -Wconditional-uninitialized -Wno-unknown-pragmas -Wno-shadow -Wno-four-char-constants -Wno-conversion -Wconstant-conversion -Wint-conversion -Wbool-conversion -Wenum-conversion -Wno-float-conversion -Wnon-literal-null-conversion -Wobjc-literal-conversion -Wshorten-64-to-32 -Wno-newline-eof -Wno-c++11-extensions -Wno-implicit-fallthrough -fstrict-aliasing -Wdeprecated-declarations -Winvalid-offsetof -Wno-sign-conversion -Winfinite-recursion -Wmove -Wcomma -Wblock-capture-autoreleasing -Wstrict-prototypes -Wrange-loop-analysis -Wno-semicolon-before-method-body -Wunguarded-availability -index-store-path /Users/blueoxadvisors/Library/Developer/Xcode/DerivedData/StickhandlingNative-eztnoazbkrcbfdaqyavnfduhiqlg/Index.noindex/DataStore -Wno-comma -Wno-shorten-64-to-32 -Wno-documentation @/Users/blueoxadvisors/Library/Developer/Xcode/DerivedData/StickhandlingNative-eztnoazbkrcbfdaqyavnfduhiqlg/Build/Intermediates.noindex/Pods.build/Debug-iphoneos/ReactCodegen.build/Objects-normal/arm64/82b82416624d2658e5098eb0a28c15c5-common-args.resp -DFOLLY_MOBILE\=1 -DFOLLY_USE_LIBCPP\=1 -DFOLLY_CFG_NO_COROUTINES\=1 -DFOLLY_HAVE_CLOCK_GETTIME\=1 -Wno-comma -Wno-shorten-64-to-32 -Wno-documentation -Wno-nullability-completeness -std\=c++20 -include /Users/blueoxadvisors/StickhandlingNative/ios/Pods/Target\ Support\ Files/ReactCodegen/ReactCodegen-prefix.pch -MMD -MT dependencies -MF /Users/blueoxadvisors/Library/Developer/Xcode/DerivedData/StickhandlingNative-eztnoazbkrcbfdaqyavnfduhiqlg/Build/Intermediates.noindex/Pods.build/Debug-iphoneos/ReactCodegen.build/Objects-normal/arm64/EventEmitters-b18f3060ff2b9c9fe38ff285909975cc.d --serialize-diagnostics /Users/blueoxadvisors/Library/Developer/Xcode/DerivedData/StickhandlingNative-eztnoazbkrcbfdaqyavnfduhiqlg/Build/Intermediates.noindex/Pods.build/Debug-iphoneos/ReactCodegen.build/Objects-normal/arm64/EventEmitters-b18f3060ff2b9c9fe38ff285909975cc.dia -c /Users/blueoxadvisors/StickhandlingNative/ios/build/generated/ios/ReactCodegen/react/renderer/components/RNSoundSpec/EventEmitters.cpp -o /Users/blueoxadvisors/Library/Developer/Xcode/DerivedData/StickhandlingNative-eztnoazbkrcbfdaqyavnfduhiqlg/Build/Intermediates.noindex/Pods.build/Debug-iphoneos/ReactCodegen.build/Objects-normal/arm64/EventEmitters-b18f3060ff2b9c9fe38ff285909975cc.o -index-unit-output-path /Pods.build/Debug-iphoneos/ReactCodegen.build/Objects-normal/arm64/EventEmitters-b18f3060ff2b9c9fe38ff285909975cc.o
error \=return-type -Wdocumentation -Wunreachable-code -Werror\=deprecated-objc-isa-usage -Werror\=objc-root-class -Wno-non-virtual-dtor -Wno-overloaded-virtual -Wno-exit-time-destructors -Wno-missing-braces -Wparentheses -Wswitch -Wunused-function -Wno-unused-label -Wno-unused-parameter -Wunused-variable -Wunused-value -Wempty-body -Wuninitialized -Wconditional-uninitialized -Wno-unknown-pragmas -Wno-shadow -Wno-four-char-constants -Wno-conversion -Wconstant-conversion -Wint-conversion -Wbool-conversion -Wenum-conversion -Wno-float-conversion -Wnon-literal-null-conversion -Wobjc-literal-conversion -Wshorten-64-to-32 -Wno-newline-eof -Wno-c++11-extensions -Wno-implicit-fallthrough -fstrict-aliasing -Wdeprecated-declarations -Winvalid-offsetof -Wno-sign-conversion -Winfinite-recursion -Wmove -Wcomma -Wblock-capture-autoreleasing -Wstrict-prototypes -Wrange-loop-analysis -Wno-semicolon-before-method-body -Wunguarded-availability -index-store-path /Users/blueoxadvisors/Library/Developer/Xcode/DerivedData/StickhandlingNative-eztnoazbkrcbfdaqyavnfduhiqlg/Index.noindex/DataStore -Wno-comma -Wno-shorten-64-to-32 -Wno-documentation @/Users/blueoxadvisors/Library/Developer/Xcode/DerivedData/StickhandlingNative-eztnoazbkrcbfdaqyavnfduhiqlg/Build/Intermediates.noindex/Pods.build/Debug-iphoneos/ReactCodegen.build/Objects-normal/arm64/82b82416624d2658e5098eb0a28c15c5-common-args.resp -DFOLLY_MOBILE\=1 -DFOLLY_USE_LIBCPP\=1 -DFOLLY_CFG_NO_COROUTINES\=1 -DFOLLY_HAVE_CLOCK_GETTIME\=1 -Wno-comma -Wno-shorten-64-to-32 -Wno-documentation -Wno-nullability-completeness -std\=c++20 -include /Users/blueoxadvisors/StickhandlingNative/ios/Pods/Target\ Support\ Files/ReactCodegen/ReactCodegen-prefix.pch -MMD -MT dependencies -MF /Users/blueoxadvisors/Library/Developer/Xcode/DerivedData/StickhandlingNative-eztnoazbkrcbfdaqyavnfduhiqlg/Build/Intermediates.noindex/Pods.build/Debug-iphoneos/ReactCodegen.build/Objects-normal/arm64/EventEmitters-213b9c1cde9709960c0e7083389f90c9.d --serialize-diagnostics /Users/blueoxadvisors/Library/Developer/Xcode/DerivedData/StickhandlingNative-eztnoazbkrcbfdaqyavnfduhiqlg/Build/Intermediates.noindex/Pods.build/Debug-iphoneos/ReactCodegen.build/Objects-normal/arm64/EventEmitters-213b9c1cde9709960c0e7083389f90c9.dia -c /Users/blueoxadvisors/StickhandlingNative/ios/build/generated/ios/ReactCodegen/react/renderer/components/safeareacontext/EventEmitters.cpp -o /Users/blueoxadvisors/Library/Developer/Xcode/DerivedData/StickhandlingNative-eztnoazbkrcbfdaqyavnfduhiqlg/Build/Intermediates.noindex/Pods.build/Debug-iphoneos/ReactCodegen.build/Objects-normal/arm64/EventEmitters-213b9c1cde9709960c0e7083389f90c9.o -index-unit-output-path /Pods.build/Debug-iphoneos/ReactCodegen.build/Objects-normal/arm64/EventEmitters-213b9c1cde9709960c0e7083389f90c9.o
error '==' is only available in iOS 16.0 or newer
error Failed to build ios project. "xcodebuild" exited with error code '65'. To debug build logs further, consider building your app with Xcode.app, by opening 'StickhandlingNative.xcworkspace'.
